<?xml version="1.0" encoding="UTF-8"?>
<!-- Generated by org.testng.reporters.JUnitXMLReporter -->
<testsuite ignored="0" hostname="v2mumlp0462" failures="0" tests="2" name="Edge_Test" time="18.558" errors="0" timestamp="2022-04-16T21:03:36 IST">
  <testcase classname="com.testCases.VerifyHomePage" name="verifyingOrderHistoryBtnPresence" time="0.0">
    <skipped/>
  </testcase> <!-- verifyingOrderHistoryBtnPresence -->
  <testcase classname="com.testCases.VerifyHomePage" name="verifyingWishListBtnPresence" time="6.606"/>
</testsuite> <!-- Edge_Test -->
