<?xml version="1.0" encoding="UTF-8"?>
<testng-results ignored="0" total="1" passed="1" failed="0" skipped="0">
  <reporter-output>
  </reporter-output>
  <suite started-at="2022-04-24T09:51:27 IST" name="Suite" finished-at="2022-04-24T09:52:29 IST" duration-ms="62177">
    <groups>
    </groups>
    <test started-at="2022-04-24T09:51:27 IST" name="Chrome_Test" finished-at="2022-04-24T09:52:29 IST" duration-ms="62177">
      <class name="com.testCases.EndToEndTC">
        <test-method is-config="true" signature="initializeLog()[pri:0, instance:com.testCases.EndToEndTC@4a194c39]" started-at="2022-04-24T09:51:27 IST" name="initializeLog" finished-at="2022-04-24T09:51:27 IST" duration-ms="13" status="PASS">
          <reporter-output>
          </reporter-output>
        </test-method> <!-- initializeLog -->
        <test-method is-config="true" signature="setUp(java.lang.String)[pri:0, instance:com.testCases.EndToEndTC@4a194c39]" started-at="2022-04-24T09:51:28 IST" name="setUp" finished-at="2022-04-24T09:51:41 IST" duration-ms="12645" status="PASS">
          <params>
            <param index="0">
              <value>
                <![CDATA[chrome]]>
              </value>
            </param>
          </params>
          <reporter-output>
          </reporter-output>
        </test-method> <!-- setUp -->
        <test-method signature="verifyingEndToEndScenario(java.lang.String,java.lang.String,java.lang.String,java.lang.String)[pri:0, instance:com.testCases.EndToEndTC@4a194c39]" started-at="2022-04-24T09:51:41 IST" name="verifyingEndToEndScenario" data-provider="EndToEnd" finished-at="2022-04-24T09:52:29 IST" duration-ms="48466" status="PASS">
          <params>
            <param index="0">
              <value>
                <![CDATA[abcxyz@xyz.com]]>
              </value>
            </param>
            <param index="1">
              <value>
                <![CDATA[abcde]]>
              </value>
            </param>
            <param index="2">
              <value>
                <![CDATA[t shirt]]>
              </value>
            </param>
            <param index="3">
              <value>
                <![CDATA[L]]>
              </value>
            </param>
          </params>
          <reporter-output>
          </reporter-output>
        </test-method> <!-- verifyingEndToEndScenario -->
        <test-method is-config="true" signature="tearDown()[pri:0, instance:com.testCases.EndToEndTC@4a194c39]" started-at="2022-04-24T09:52:29 IST" name="tearDown" finished-at="2022-04-24T09:52:29 IST" duration-ms="185" status="PASS">
          <reporter-output>
          </reporter-output>
        </test-method> <!-- tearDown -->
      </class> <!-- com.testCases.EndToEndTC -->
    </test> <!-- Chrome_Test -->
  </suite> <!-- Suite -->
</testng-results>
